d:\stl\design patterns\visitor_pattern\visitor_pattern\debug\vc142.pdb
d:\stl\design patterns\visitor_pattern\visitor_pattern\debug\vc142.idb
d:\stl\design patterns\visitor_pattern\visitor_pattern\debug\visitor_pattern.obj
d:\stl\design patterns\visitor_pattern\debug\visitor_pattern.pdb
d:\stl\design patterns\visitor_pattern\visitor_pattern\debug\visitor_pattern.tlog\cl.command.1.tlog
d:\stl\design patterns\visitor_pattern\visitor_pattern\debug\visitor_pattern.tlog\cl.read.1.tlog
d:\stl\design patterns\visitor_pattern\visitor_pattern\debug\visitor_pattern.tlog\cl.write.1.tlog
d:\stl\design patterns\visitor_pattern\visitor_pattern\debug\visitor_pattern.tlog\link-cvtres.read.1.tlog
d:\stl\design patterns\visitor_pattern\visitor_pattern\debug\visitor_pattern.tlog\link-cvtres.write.1.tlog
d:\stl\design patterns\visitor_pattern\visitor_pattern\debug\visitor_pattern.tlog\link-rc.read.1.tlog
d:\stl\design patterns\visitor_pattern\visitor_pattern\debug\visitor_pattern.tlog\link-rc.write.1.tlog
d:\stl\design patterns\visitor_pattern\visitor_pattern\debug\visitor_pattern.tlog\link.14460-cvtres.read.1.tlog
d:\stl\design patterns\visitor_pattern\visitor_pattern\debug\visitor_pattern.tlog\link.14460-cvtres.write.1.tlog
d:\stl\design patterns\visitor_pattern\visitor_pattern\debug\visitor_pattern.tlog\link.14460-rc.read.1.tlog
d:\stl\design patterns\visitor_pattern\visitor_pattern\debug\visitor_pattern.tlog\link.14460-rc.write.1.tlog
d:\stl\design patterns\visitor_pattern\visitor_pattern\debug\visitor_pattern.tlog\link.14460.read.1.tlog
d:\stl\design patterns\visitor_pattern\visitor_pattern\debug\visitor_pattern.tlog\link.14460.write.1.tlog
d:\stl\design patterns\visitor_pattern\visitor_pattern\debug\visitor_pattern.tlog\link.command.1.tlog
d:\stl\design patterns\visitor_pattern\visitor_pattern\debug\visitor_pattern.tlog\link.read.1.tlog
d:\stl\design patterns\visitor_pattern\visitor_pattern\debug\visitor_pattern.tlog\link.write.1.tlog
